<?xml version="1.0" encoding="UTF-8"?>
<!-- Generated by org.testng.reporters.JUnitReportReporter -->
<testsuite skipped="0" hostname="LAPTOP-T86GJU8B" name="qaclickacademy.AppiumTest" tests="2" failures="0" timestamp="09 Dec 2020 15:40:46 GMT" time="0.050" errors="0">
  <testcase name="IOSApps" time="0.050" classname="qaclickacademy.AppiumTest"/>
  <testcase name="NativeAPpAndroid" time="0.000" classname="qaclickacademy.AppiumTest"/>
</testsuite> <!-- qaclickacademy.AppiumTest -->
