<?xml version="1.0" encoding="UTF-8"?>
<!-- Generated by org.testng.reporters.JUnitReportReporter -->
<testsuite skipped="0" hostname="LAPTOP-T86GJU8B" name="qaclickacademy.RESTAPITest" tests="2" failures="0" timestamp="09 Dec 2020 15:42:53 GMT" time="0.005" errors="0">
  <testcase name="deleteTwitter" time="0.005" classname="qaclickacademy.RESTAPITest"/>
  <testcase name="postJira" time="0.000" classname="qaclickacademy.RESTAPITest"/>
</testsuite> <!-- qaclickacademy.RESTAPITest -->
