<?xml version="1.0" encoding="UTF-8"?>
<!-- Generated by org.testng.reporters.JUnitReportReporter -->
<testsuite skipped="0" hostname="LAPTOP-T86GJU8B" name="qaclickacademy.SeleniumTest" tests="2" failures="0" timestamp="09 Dec 2020 15:42:53 GMT" time="0.020" errors="0">
  <testcase name="elementsUi" time="0.000" classname="qaclickacademy.SeleniumTest"/>
  <testcase name="BrowserAUtomation" time="0.020" classname="qaclickacademy.SeleniumTest"/>
</testsuite> <!-- qaclickacademy.SeleniumTest -->
